<?xml version="1.0" encoding="UTF-8"?>
<testng-results ignored="0" total="1" passed="1" failed="0" skipped="0">
  <reporter-output>
  </reporter-output>
  <suite started-at="2026-03-15T17:55:49 IST" name="Default suite" finished-at="2026-03-15T17:56:13 IST" duration-ms="24041">
    <groups>
    </groups>
    <test started-at="2026-03-15T17:55:49 IST" name="Default test" finished-at="2026-03-15T17:56:13 IST" duration-ms="24041">
      <class name="tests.MyntraCartTest">
        <test-method is-config="true" signature="setup()[pri:0, instance:tests.MyntraCartTest@368f2016]" started-at="2026-03-15T17:55:49 IST" name="setup" finished-at="2026-03-15T17:56:00 IST" duration-ms="10464" status="PASS">
          <reporter-output>
          </reporter-output>
        </test-method> <!-- setup -->
        <test-method signature="verifyPriceCalculation()[pri:0, instance:tests.MyntraCartTest@368f2016]" started-at="2026-03-15T17:56:00 IST" name="verifyPriceCalculation" finished-at="2026-03-15T17:56:12 IST" duration-ms="12697" status="PASS">
          <reporter-output>
          </reporter-output>
        </test-method> <!-- verifyPriceCalculation -->
        <test-method is-config="true" signature="tearDown()[pri:0, instance:tests.MyntraCartTest@368f2016]" started-at="2026-03-15T17:56:12 IST" name="tearDown" finished-at="2026-03-15T17:56:13 IST" duration-ms="791" status="PASS">
          <reporter-output>
          </reporter-output>
        </test-method> <!-- tearDown -->
      </class> <!-- tests.MyntraCartTest -->
    </test> <!-- Default test -->
  </suite> <!-- Default suite -->
</testng-results>
